[2022-09-12T19:56:03.762+0000] {taskinstance.py:1171} INFO - Dependencies all met for <TaskInstance: dag_with_catchuo_backfill_v02.task1 scheduled__2022-09-11T00:00:00+00:00 [queued]>
[2022-09-12T19:56:03.777+0000] {taskinstance.py:1171} INFO - Dependencies all met for <TaskInstance: dag_with_catchuo_backfill_v02.task1 scheduled__2022-09-11T00:00:00+00:00 [queued]>
[2022-09-12T19:56:03.777+0000] {taskinstance.py:1368} INFO - 
--------------------------------------------------------------------------------
[2022-09-12T19:56:03.777+0000] {taskinstance.py:1369} INFO - Starting attempt 1 of 6
[2022-09-12T19:56:03.777+0000] {taskinstance.py:1370} INFO - 
--------------------------------------------------------------------------------
[2022-09-12T19:56:03.796+0000] {taskinstance.py:1389} INFO - Executing <Task(BashOperator): task1> on 2022-09-11 00:00:00+00:00
[2022-09-12T19:56:03.802+0000] {standard_task_runner.py:52} INFO - Started process 637 to run task
[2022-09-12T19:56:03.805+0000] {standard_task_runner.py:79} INFO - Running: ['***', 'tasks', 'run', 'dag_with_catchuo_backfill_v02', 'task1', 'scheduled__2022-09-11T00:00:00+00:00', '--job-id', '11', '--raw', '--subdir', 'DAGS_FOLDER/dag_with_catchup_and_blackfill.py', '--cfg-path', '/tmp/tmpemuerhp2', '--error-file', '/tmp/tmp7m00g6qx']
[2022-09-12T19:56:03.806+0000] {standard_task_runner.py:80} INFO - Job 11: Subtask task1
[2022-09-12T19:56:03.894+0000] {task_command.py:371} INFO - Running <TaskInstance: dag_with_catchuo_backfill_v02.task1 scheduled__2022-09-11T00:00:00+00:00 [running]> on host d3a375509695
[2022-09-12T19:56:04.007+0000] {taskinstance.py:1583} INFO - Exporting the following env vars:
AIRFLOW_CTX_DAG_OWNER=Ancordss
AIRFLOW_CTX_DAG_ID=dag_with_catchuo_backfill_v02
AIRFLOW_CTX_TASK_ID=task1
AIRFLOW_CTX_EXECUTION_DATE=2022-09-11T00:00:00+00:00
AIRFLOW_CTX_TRY_NUMBER=1
AIRFLOW_CTX_DAG_RUN_ID=scheduled__2022-09-11T00:00:00+00:00
[2022-09-12T19:56:04.009+0000] {subprocess.py:62} INFO - Tmp dir root location: 
 /tmp
[2022-09-12T19:56:04.010+0000] {subprocess.py:74} INFO - Running command: ['/bin/bash', '-c', 'echo this is a simple bash command!']
[2022-09-12T19:56:04.025+0000] {subprocess.py:85} INFO - Output:
[2022-09-12T19:56:04.028+0000] {subprocess.py:92} INFO - this is a simple bash command!
[2022-09-12T19:56:04.029+0000] {subprocess.py:96} INFO - Command exited with return code 0
[2022-09-12T19:56:04.086+0000] {taskinstance.py:1412} INFO - Marking task as SUCCESS. dag_id=dag_with_catchuo_backfill_v02, task_id=task1, execution_date=20220911T000000, start_date=20220912T195603, end_date=20220912T195604
[2022-09-12T19:56:04.143+0000] {local_task_job.py:156} INFO - Task exited with return code 0
[2022-09-12T19:56:04.195+0000] {local_task_job.py:279} INFO - 0 downstream tasks scheduled from follow-on schedule check
