[2022-09-12T19:53:45.079+0000] {taskinstance.py:1171} INFO - Dependencies all met for <TaskInstance: dag_with_catchuo_backfill_v02.task3 manual__2022-09-12T19:53:44.038016+00:00 [queued]>
[2022-09-12T19:53:45.094+0000] {taskinstance.py:1171} INFO - Dependencies all met for <TaskInstance: dag_with_catchuo_backfill_v02.task3 manual__2022-09-12T19:53:44.038016+00:00 [queued]>
[2022-09-12T19:53:45.094+0000] {taskinstance.py:1368} INFO - 
--------------------------------------------------------------------------------
[2022-09-12T19:53:45.094+0000] {taskinstance.py:1369} INFO - Starting attempt 1 of 6
[2022-09-12T19:53:45.095+0000] {taskinstance.py:1370} INFO - 
--------------------------------------------------------------------------------
[2022-09-12T19:53:45.114+0000] {taskinstance.py:1389} INFO - Executing <Task(BashOperator): task3> on 2022-09-12 19:53:44.038016+00:00
[2022-09-12T19:53:45.121+0000] {standard_task_runner.py:52} INFO - Started process 475 to run task
[2022-09-12T19:53:45.125+0000] {standard_task_runner.py:79} INFO - Running: ['***', 'tasks', 'run', 'dag_with_catchuo_backfill_v02', 'task3', 'manual__2022-09-12T19:53:44.038016+00:00', '--job-id', '8', '--raw', '--subdir', 'DAGS_FOLDER/dag_with_catchup_and_blackfill.py', '--cfg-path', '/tmp/tmplyj9pw0w', '--error-file', '/tmp/tmphyyst9th']
[2022-09-12T19:53:45.125+0000] {standard_task_runner.py:80} INFO - Job 8: Subtask task3
[2022-09-12T19:53:45.212+0000] {task_command.py:371} INFO - Running <TaskInstance: dag_with_catchuo_backfill_v02.task3 manual__2022-09-12T19:53:44.038016+00:00 [running]> on host d3a375509695
[2022-09-12T19:53:45.322+0000] {taskinstance.py:1583} INFO - Exporting the following env vars:
AIRFLOW_CTX_DAG_OWNER=Ancordss
AIRFLOW_CTX_DAG_ID=dag_with_catchuo_backfill_v02
AIRFLOW_CTX_TASK_ID=task3
AIRFLOW_CTX_EXECUTION_DATE=2022-09-12T19:53:44.038016+00:00
AIRFLOW_CTX_TRY_NUMBER=1
AIRFLOW_CTX_DAG_RUN_ID=manual__2022-09-12T19:53:44.038016+00:00
[2022-09-12T19:53:45.323+0000] {subprocess.py:62} INFO - Tmp dir root location: 
 /tmp
[2022-09-12T19:53:45.323+0000] {subprocess.py:74} INFO - Running command: ['/bin/bash', '-c', 'git --version']
[2022-09-12T19:53:45.340+0000] {subprocess.py:85} INFO - Output:
[2022-09-12T19:53:45.345+0000] {subprocess.py:92} INFO - git version 2.30.2
[2022-09-12T19:53:45.345+0000] {subprocess.py:96} INFO - Command exited with return code 0
[2022-09-12T19:53:45.385+0000] {taskinstance.py:1412} INFO - Marking task as SUCCESS. dag_id=dag_with_catchuo_backfill_v02, task_id=task3, execution_date=20220912T195344, start_date=20220912T195345, end_date=20220912T195345
[2022-09-12T19:53:45.431+0000] {local_task_job.py:156} INFO - Task exited with return code 0
[2022-09-12T19:53:45.486+0000] {local_task_job.py:279} INFO - 0 downstream tasks scheduled from follow-on schedule check
