[2022-09-12T20:07:56.782+0000] {taskinstance.py:1171} INFO - Dependencies all met for <TaskInstance: dag_with_catchuo_backfill_v02.task1 manual__2022-09-12T20:07:51.609795+00:00 [queued]>
[2022-09-12T20:07:56.794+0000] {taskinstance.py:1171} INFO - Dependencies all met for <TaskInstance: dag_with_catchuo_backfill_v02.task1 manual__2022-09-12T20:07:51.609795+00:00 [queued]>
[2022-09-12T20:07:56.795+0000] {taskinstance.py:1368} INFO - 
--------------------------------------------------------------------------------
[2022-09-12T20:07:56.795+0000] {taskinstance.py:1369} INFO - Starting attempt 1 of 6
[2022-09-12T20:07:56.795+0000] {taskinstance.py:1370} INFO - 
--------------------------------------------------------------------------------
[2022-09-12T20:07:56.813+0000] {taskinstance.py:1389} INFO - Executing <Task(BashOperator): task1> on 2022-09-12 20:07:51.609795+00:00
[2022-09-12T20:07:56.819+0000] {standard_task_runner.py:52} INFO - Started process 1200 to run task
[2022-09-12T20:07:56.822+0000] {standard_task_runner.py:79} INFO - Running: ['***', 'tasks', 'run', 'dag_with_catchuo_backfill_v02', 'task1', 'manual__2022-09-12T20:07:51.609795+00:00', '--job-id', '14', '--raw', '--subdir', 'DAGS_FOLDER/dag_with_catchup_and_blackfill.py', '--cfg-path', '/tmp/tmp067ic9tt', '--error-file', '/tmp/tmp1d5e1s2j']
[2022-09-12T20:07:56.822+0000] {standard_task_runner.py:80} INFO - Job 14: Subtask task1
[2022-09-12T20:07:56.907+0000] {task_command.py:371} INFO - Running <TaskInstance: dag_with_catchuo_backfill_v02.task1 manual__2022-09-12T20:07:51.609795+00:00 [running]> on host d3a375509695
[2022-09-12T20:07:57.005+0000] {taskinstance.py:1583} INFO - Exporting the following env vars:
AIRFLOW_CTX_DAG_OWNER=Ancordss
AIRFLOW_CTX_DAG_ID=dag_with_catchuo_backfill_v02
AIRFLOW_CTX_TASK_ID=task1
AIRFLOW_CTX_EXECUTION_DATE=2022-09-12T20:07:51.609795+00:00
AIRFLOW_CTX_TRY_NUMBER=1
AIRFLOW_CTX_DAG_RUN_ID=manual__2022-09-12T20:07:51.609795+00:00
[2022-09-12T20:07:57.006+0000] {subprocess.py:62} INFO - Tmp dir root location: 
 /tmp
[2022-09-12T20:07:57.007+0000] {subprocess.py:74} INFO - Running command: ['/bin/bash', '-c', 'echo this is a simple bash command!']
[2022-09-12T20:07:57.021+0000] {subprocess.py:85} INFO - Output:
[2022-09-12T20:07:57.024+0000] {subprocess.py:92} INFO - this is a simple bash command!
[2022-09-12T20:07:57.024+0000] {subprocess.py:96} INFO - Command exited with return code 0
[2022-09-12T20:07:57.062+0000] {taskinstance.py:1412} INFO - Marking task as SUCCESS. dag_id=dag_with_catchuo_backfill_v02, task_id=task1, execution_date=20220912T200751, start_date=20220912T200756, end_date=20220912T200757
[2022-09-12T20:07:57.121+0000] {local_task_job.py:156} INFO - Task exited with return code 0
[2022-09-12T20:07:57.160+0000] {local_task_job.py:279} INFO - 0 downstream tasks scheduled from follow-on schedule check
