[2022-09-12T19:50:55.893+0000] {taskinstance.py:1171} INFO - Dependencies all met for <TaskInstance: dag_with_catchuo_backfill_v02.task2 scheduled__2022-09-11T00:00:00+00:00 [queued]>
[2022-09-12T19:50:55.914+0000] {taskinstance.py:1171} INFO - Dependencies all met for <TaskInstance: dag_with_catchuo_backfill_v02.task2 scheduled__2022-09-11T00:00:00+00:00 [queued]>
[2022-09-12T19:50:55.914+0000] {taskinstance.py:1368} INFO - 
--------------------------------------------------------------------------------
[2022-09-12T19:50:55.914+0000] {taskinstance.py:1369} INFO - Starting attempt 1 of 6
[2022-09-12T19:50:55.914+0000] {taskinstance.py:1370} INFO - 
--------------------------------------------------------------------------------
[2022-09-12T19:50:55.935+0000] {taskinstance.py:1389} INFO - Executing <Task(BashOperator): task2> on 2022-09-11 00:00:00+00:00
[2022-09-12T19:50:55.940+0000] {standard_task_runner.py:52} INFO - Started process 320 to run task
[2022-09-12T19:50:55.943+0000] {standard_task_runner.py:79} INFO - Running: ['***', 'tasks', 'run', 'dag_with_catchuo_backfill_v02', 'task2', 'scheduled__2022-09-11T00:00:00+00:00', '--job-id', '5', '--raw', '--subdir', 'DAGS_FOLDER/dag_with_catchup_and_blackfill.py', '--cfg-path', '/tmp/tmp1vjrxkgv', '--error-file', '/tmp/tmp06lfbn23']
[2022-09-12T19:50:55.944+0000] {standard_task_runner.py:80} INFO - Job 5: Subtask task2
[2022-09-12T19:50:56.048+0000] {task_command.py:371} INFO - Running <TaskInstance: dag_with_catchuo_backfill_v02.task2 scheduled__2022-09-11T00:00:00+00:00 [running]> on host d3a375509695
[2022-09-12T19:50:56.216+0000] {taskinstance.py:1583} INFO - Exporting the following env vars:
AIRFLOW_CTX_DAG_OWNER=Ancordss
AIRFLOW_CTX_DAG_ID=dag_with_catchuo_backfill_v02
AIRFLOW_CTX_TASK_ID=task2
AIRFLOW_CTX_EXECUTION_DATE=2022-09-11T00:00:00+00:00
AIRFLOW_CTX_TRY_NUMBER=1
AIRFLOW_CTX_DAG_RUN_ID=scheduled__2022-09-11T00:00:00+00:00
[2022-09-12T19:50:56.220+0000] {subprocess.py:62} INFO - Tmp dir root location: 
 /tmp
[2022-09-12T19:50:56.221+0000] {subprocess.py:74} INFO - Running command: ['/bin/bash', '-c', 'liquibase status']
[2022-09-12T19:50:56.236+0000] {subprocess.py:85} INFO - Output:
[2022-09-12T19:50:59.518+0000] {subprocess.py:92} INFO - ####################################################
[2022-09-12T19:50:59.519+0000] {subprocess.py:92} INFO - ##   _     _             _ _                      ##
[2022-09-12T19:50:59.519+0000] {subprocess.py:92} INFO - ##  | |   (_)           (_) |                     ##
[2022-09-12T19:50:59.519+0000] {subprocess.py:92} INFO - ##  | |    _  __ _ _   _ _| |__   __ _ ___  ___   ##
[2022-09-12T19:50:59.519+0000] {subprocess.py:92} INFO - ##  | |   | |/ _` | | | | | '_ \ / _` / __|/ _ \  ##
[2022-09-12T19:50:59.520+0000] {subprocess.py:92} INFO - ##  | |___| | (_| | |_| | | |_) | (_| \__ \  __/  ##
[2022-09-12T19:50:59.520+0000] {subprocess.py:92} INFO - ##  \_____/_|\__, |\__,_|_|_.__/ \__,_|___/\___|  ##
[2022-09-12T19:50:59.520+0000] {subprocess.py:92} INFO - ##              | |                               ##
[2022-09-12T19:50:59.520+0000] {subprocess.py:92} INFO - ##              |_|                               ##
[2022-09-12T19:50:59.520+0000] {subprocess.py:92} INFO - ##                                                ##
[2022-09-12T19:50:59.521+0000] {subprocess.py:92} INFO - ##  Get documentation at docs.liquibase.com       ##
[2022-09-12T19:50:59.521+0000] {subprocess.py:92} INFO - ##  Get certified courses at learn.liquibase.com  ##
[2022-09-12T19:50:59.521+0000] {subprocess.py:92} INFO - ##  Free schema change activity reports at        ##
[2022-09-12T19:50:59.521+0000] {subprocess.py:92} INFO - ##      https://hub.liquibase.com                 ##
[2022-09-12T19:50:59.521+0000] {subprocess.py:92} INFO - ##                                                ##
[2022-09-12T19:50:59.521+0000] {subprocess.py:92} INFO - ####################################################
[2022-09-12T19:50:59.522+0000] {subprocess.py:92} INFO - Starting Liquibase at 19:50:59 (version 4.15.0 #4001 built at 2022-08-05 16:17+0000)
[2022-09-12T19:50:59.522+0000] {subprocess.py:92} INFO - Liquibase Version: 4.15.0
[2022-09-12T19:50:59.522+0000] {subprocess.py:92} INFO - Liquibase Community 4.15.0 by Liquibase
[2022-09-12T19:50:59.530+0000] {subprocess.py:92} INFO - Error parsing command line: Invalid argument '--changelog-file': missing required argument. If you need to configure new liquibase project files and arguments, run the 'liquibase init project' command.
[2022-09-12T19:50:59.530+0000] {subprocess.py:92} INFO - 
[2022-09-12T19:50:59.530+0000] {subprocess.py:92} INFO - For detailed help, try 'liquibase --help' or 'liquibase <command-name> --help'
[2022-09-12T19:50:59.559+0000] {subprocess.py:96} INFO - Command exited with return code 1
[2022-09-12T19:50:59.580+0000] {taskinstance.py:1902} ERROR - Task failed with exception
Traceback (most recent call last):
  File "/home/airflow/.local/lib/python3.7/site-packages/airflow/operators/bash.py", line 197, in execute
    f'Bash command failed. The command returned a non-zero exit code {result.exit_code}.'
airflow.exceptions.AirflowException: Bash command failed. The command returned a non-zero exit code 1.
[2022-09-12T19:50:59.586+0000] {taskinstance.py:1412} INFO - Marking task as UP_FOR_RETRY. dag_id=dag_with_catchuo_backfill_v02, task_id=task2, execution_date=20220911T000000, start_date=20220912T195055, end_date=20220912T195059
[2022-09-12T19:50:59.641+0000] {standard_task_runner.py:97} ERROR - Failed to execute job 5 for task task2 (Bash command failed. The command returned a non-zero exit code 1.; 320)
[2022-09-12T19:50:59.672+0000] {local_task_job.py:156} INFO - Task exited with return code 1
[2022-09-12T19:50:59.729+0000] {local_task_job.py:279} INFO - 0 downstream tasks scheduled from follow-on schedule check
